<?xml version="1.0" encoding="UTF-8"?>
<testsuite name="org.springframework.aop.aspectj.TypePatternClassFilterTests" tests="6" skipped="0" failures="0" errors="0" timestamp="2022-03-01T02:29:07" hostname="枪枪的超算" time="0.002">
  <properties/>
  <testcase name="testInvocationOfMatchesMethodBlowsUpWhenNoTypePatternHasBeenSet" classname="org.springframework.aop.aspectj.TypePatternClassFilterTests" time="0.0"/>
  <testcase name="testSubclassMatching" classname="org.springframework.aop.aspectj.TypePatternClassFilterTests" time="0.001"/>
  <testcase name="testValidPatternMatching" classname="org.springframework.aop.aspectj.TypePatternClassFilterTests" time="0.0"/>
  <testcase name="testSetTypePatternWithNullArgument" classname="org.springframework.aop.aspectj.TypePatternClassFilterTests" time="0.0"/>
  <testcase name="testAndOrNotReplacement" classname="org.springframework.aop.aspectj.TypePatternClassFilterTests" time="0.001"/>
  <testcase name="testInvalidPattern" classname="org.springframework.aop.aspectj.TypePatternClassFilterTests" time="0.0"/>
  <system-out><![CDATA[]]></system-out>
  <system-err><![CDATA[]]></system-err>
</testsuite>
