<?xml version="1.0" encoding="UTF-8"?>
<testsuite name="org.springframework.aop.aspectj.AspectJAdviceParameterNameDiscovererTests" tests="30" skipped="0" failures="0" errors="0" timestamp="2022-03-01T02:29:07" hostname="枪枪的超算" time="0.003">
  <properties/>
  <testcase name="testReferenceBinding" classname="org.springframework.aop.aspectj.AspectJAdviceParameterNameDiscovererTests" time="0.0"/>
  <testcase name="testThisAndPrimitive" classname="org.springframework.aop.aspectj.AspectJAdviceParameterNameDiscovererTests" time="0.0"/>
  <testcase name="testThisBindingTwoCandidates" classname="org.springframework.aop.aspectj.AspectJAdviceParameterNameDiscovererTests" time="0.0"/>
  <testcase name="testTargetBindingWithBadPointcutExpressions" classname="org.springframework.aop.aspectj.AspectJAdviceParameterNameDiscovererTests" time="0.0"/>
  <testcase name="testTargetBindingWithAlternateTokenizations" classname="org.springframework.aop.aspectj.AspectJAdviceParameterNameDiscovererTests" time="0.001"/>
  <testcase name="testOneJPAndOneThrowable" classname="org.springframework.aop.aspectj.AspectJAdviceParameterNameDiscovererTests" time="0.0"/>
  <testcase name="testArgsOnePrimitiveOneObject" classname="org.springframework.aop.aspectj.AspectJAdviceParameterNameDiscovererTests" time="0.0"/>
  <testcase name="testArgsBindingOneObject" classname="org.springframework.aop.aspectj.AspectJAdviceParameterNameDiscovererTests" time="0.0"/>
  <testcase name="testThrowingAndPrimitive" classname="org.springframework.aop.aspectj.AspectJAdviceParameterNameDiscovererTests" time="0.0"/>
  <testcase name="testAmbiguousArgsBinding" classname="org.springframework.aop.aspectj.AspectJAdviceParameterNameDiscovererTests" time="0.0"/>
  <testcase name="testReturningNoCandidates" classname="org.springframework.aop.aspectj.AspectJAdviceParameterNameDiscovererTests" time="0.0"/>
  <testcase name="testTargetBindingOneCandidate" classname="org.springframework.aop.aspectj.AspectJAdviceParameterNameDiscovererTests" time="0.0"/>
  <testcase name="testTargetBindingTwoCandidates" classname="org.springframework.aop.aspectj.AspectJAdviceParameterNameDiscovererTests" time="0.0"/>
  <testcase name="testAmbiguousReturning" classname="org.springframework.aop.aspectj.AspectJAdviceParameterNameDiscovererTests" time="0.0"/>
  <testcase name="testReturning" classname="org.springframework.aop.aspectj.AspectJAdviceParameterNameDiscovererTests" time="0.0"/>
  <testcase name="testReferenceBindingWithAlternateTokenizations" classname="org.springframework.aop.aspectj.AspectJAdviceParameterNameDiscovererTests" time="0.0"/>
  <testcase name="testArgsOnePrimitive" classname="org.springframework.aop.aspectj.AspectJAdviceParameterNameDiscovererTests" time="0.0"/>
  <testcase name="testThisBindingOneCandidate" classname="org.springframework.aop.aspectj.AspectJAdviceParameterNameDiscovererTests" time="0.0"/>
  <testcase name="testOneJPAndTwoThrowables" classname="org.springframework.aop.aspectj.AspectJAdviceParameterNameDiscovererTests" time="0.0"/>
  <testcase name="testOneThrowable" classname="org.springframework.aop.aspectj.AspectJAdviceParameterNameDiscovererTests" time="0.0"/>
  <testcase name="testArgsBindingOneObjectTwoCandidates" classname="org.springframework.aop.aspectj.AspectJAdviceParameterNameDiscovererTests" time="0.0"/>
  <testcase name="testAllTogetherNow" classname="org.springframework.aop.aspectj.AspectJAdviceParameterNameDiscovererTests" time="0.0"/>
  <testcase name="testNoArgs" classname="org.springframework.aop.aspectj.AspectJAdviceParameterNameDiscovererTests" time="0.001"/>
  <testcase name="testJoinPointOnly" classname="org.springframework.aop.aspectj.AspectJAdviceParameterNameDiscovererTests" time="0.0"/>
  <testcase name="testTargetAndPrimitive" classname="org.springframework.aop.aspectj.AspectJAdviceParameterNameDiscovererTests" time="0.0"/>
  <testcase name="testThisBindingWithBadPointcutExpressions" classname="org.springframework.aop.aspectj.AspectJAdviceParameterNameDiscovererTests" time="0.0"/>
  <testcase name="testThrowableNoCandidates" classname="org.springframework.aop.aspectj.AspectJAdviceParameterNameDiscovererTests" time="0.0"/>
  <testcase name="testTwoJoinPoints" classname="org.springframework.aop.aspectj.AspectJAdviceParameterNameDiscovererTests" time="0.0"/>
  <testcase name="testThisBindingWithAlternateTokenizations" classname="org.springframework.aop.aspectj.AspectJAdviceParameterNameDiscovererTests" time="0.0"/>
  <testcase name="testJoinPointStaticPartOnly" classname="org.springframework.aop.aspectj.AspectJAdviceParameterNameDiscovererTests" time="0.0"/>
  <system-out><![CDATA[]]></system-out>
  <system-err><![CDATA[]]></system-err>
</testsuite>
