<?xml version="1.0" encoding="UTF-8"?>
<testsuite name="org.springframework.aop.support.ControlFlowPointcutTests" tests="3" skipped="0" failures="0" errors="0" timestamp="2022-03-01T02:29:09" hostname="枪枪的超算" time="0.002">
  <properties/>
  <testcase name="testSelectiveApplication" classname="org.springframework.aop.support.ControlFlowPointcutTests" time="0.001"/>
  <testcase name="testMatches" classname="org.springframework.aop.support.ControlFlowPointcutTests" time="0.0"/>
  <testcase name="testEqualsAndHashCode" classname="org.springframework.aop.support.ControlFlowPointcutTests" time="0.001"/>
  <system-out><![CDATA[]]></system-out>
  <system-err><![CDATA[]]></system-err>
</testsuite>
