<?xml version="1.0" encoding="UTF-8"?>
<testsuite name="org.springframework.aop.support.NameMatchMethodPointcutTests" tests="6" skipped="0" failures="0" errors="0" timestamp="2022-03-01T02:29:09" hostname="枪枪的超算" time="0.004">
  <properties/>
  <testcase name="testMatchingOnly" classname="org.springframework.aop.support.NameMatchMethodPointcutTests" time="0.002"/>
  <testcase name="testEmpty" classname="org.springframework.aop.support.NameMatchMethodPointcutTests" time="0.0"/>
  <testcase name="testSets" classname="org.springframework.aop.support.NameMatchMethodPointcutTests" time="0.0"/>
  <testcase name="testEqualsAndHashCode" classname="org.springframework.aop.support.NameMatchMethodPointcutTests" time="0.0"/>
  <testcase name="testMatchOneMethod" classname="org.springframework.aop.support.NameMatchMethodPointcutTests" time="0.0"/>
  <testcase name="testSerializable" classname="org.springframework.aop.support.NameMatchMethodPointcutTests" time="0.001"/>
  <system-out><![CDATA[]]></system-out>
  <system-err><![CDATA[]]></system-err>
</testsuite>
