<?xml version="1.0" encoding="UTF-8"?>
<testsuite name="org.springframework.aop.target.LazyInitTargetSourceTests" tests="3" skipped="0" failures="0" errors="0" timestamp="2022-03-01T02:29:09" hostname="枪枪的超算" time="0.03">
  <properties/>
  <testcase name="testLazyInitFactoryBeanTargetSource" classname="org.springframework.aop.target.LazyInitTargetSourceTests" time="0.02"/>
  <testcase name="testCustomLazyInitSingletonTargetSource" classname="org.springframework.aop.target.LazyInitTargetSourceTests" time="0.006"/>
  <testcase name="testLazyInitSingletonTargetSource" classname="org.springframework.aop.target.LazyInitTargetSourceTests" time="0.004"/>
  <system-out><![CDATA[]]></system-out>
  <system-err><![CDATA[]]></system-err>
</testsuite>
