<?xml version="1.0" encoding="UTF-8"?>
<testsuite name="org.springframework.aop.aspectj.annotation.ReflectiveAspectJAdvisorFactoryTests" tests="24" skipped="1" failures="0" errors="0" timestamp="2022-03-01T02:29:07" hostname="枪枪的超算" time="0.415">
  <properties/>
  <testcase name="testNamedPointcutAspectWithFQN" classname="org.springframework.aop.aspectj.annotation.ReflectiveAspectJAdvisorFactoryTests" time="0.006"/>
  <testcase name="testRejectsPerCflowAspect" classname="org.springframework.aop.aspectj.annotation.ReflectiveAspectJAdvisorFactoryTests" time="0.0"/>
  <testcase name="testBindingWithMultipleArgsDifferentlyOrdered" classname="org.springframework.aop.aspectj.annotation.ReflectiveAspectJAdvisorFactoryTests" time="0.115"/>
  <testcase name="testNamedPointcutAspectWithoutFQN" classname="org.springframework.aop.aspectj.annotation.ReflectiveAspectJAdvisorFactoryTests" time="0.002"/>
  <testcase name="testAspectMethodThrowsExceptionLegalOnSignature" classname="org.springframework.aop.aspectj.annotation.ReflectiveAspectJAdvisorFactoryTests" time="0.001"/>
  <testcase name="testBindingWithSingleArg" classname="org.springframework.aop.aspectj.annotation.ReflectiveAspectJAdvisorFactoryTests" time="0.001"/>
  <testcase name="testDeclarePrecedenceNotSupported" classname="org.springframework.aop.aspectj.annotation.ReflectiveAspectJAdvisorFactoryTests" time="0.002"/>
  <testcase name="testNamedPointcutFromAspectLibraryWithBinding" classname="org.springframework.aop.aspectj.annotation.ReflectiveAspectJAdvisorFactoryTests" time="0.004"/>
  <testcase name="testIntroductionOnTargetImplementingInterface" classname="org.springframework.aop.aspectj.annotation.ReflectiveAspectJAdvisorFactoryTests" time="0.023"/>
  <testcase name="testPerTypeWithinAspect" classname="org.springframework.aop.aspectj.annotation.ReflectiveAspectJAdvisorFactoryTests" time="0.075"/>
  <testcase name="testIntroductionOnTargetExcludedByTypePattern" classname="org.springframework.aop.aspectj.annotation.ReflectiveAspectJAdvisorFactoryTests" time="0.015"/>
  <testcase name="testNamedPointcutFromAspectLibrary" classname="org.springframework.aop.aspectj.annotation.ReflectiveAspectJAdvisorFactoryTests" time="0.004"/>
  <testcase name="testIntroductionWithArgumentBinding" classname="org.springframework.aop.aspectj.annotation.ReflectiveAspectJAdvisorFactoryTests" time="0.0">
    <skipped/>
  </testcase>
  <testcase name="testIntroductionOnTargetNotImplementingInterface" classname="org.springframework.aop.aspectj.annotation.ReflectiveAspectJAdvisorFactoryTests" time="0.013"/>
  <testcase name="testMultiplePerTargetAspectsWithOrderAnnotation" classname="org.springframework.aop.aspectj.annotation.ReflectiveAspectJAdvisorFactoryTests" time="0.046"/>
  <testcase name="testRejectsPerCflowBelowAspect" classname="org.springframework.aop.aspectj.annotation.ReflectiveAspectJAdvisorFactoryTests" time="0.0"/>
  <testcase name="testAfterAdviceTypes" classname="org.springframework.aop.aspectj.annotation.ReflectiveAspectJAdvisorFactoryTests" time="0.012"/>
  <testcase name="testFailureWithoutExplicitDeclarePrecedence" classname="org.springframework.aop.aspectj.annotation.ReflectiveAspectJAdvisorFactoryTests" time="0.002"/>
  <testcase name="testPerThisAspect" classname="org.springframework.aop.aspectj.annotation.ReflectiveAspectJAdvisorFactoryTests" time="0.026"/>
  <testcase name="testIntroductionAdvisorExcludedFromTargetImplementingInterface" classname="org.springframework.aop.aspectj.annotation.ReflectiveAspectJAdvisorFactoryTests" time="0.003"/>
  <testcase name="testTwoAdvicesOnOneAspect" classname="org.springframework.aop.aspectj.annotation.ReflectiveAspectJAdvisorFactoryTests" time="0.002"/>
  <testcase name="testPerTargetAspect" classname="org.springframework.aop.aspectj.annotation.ReflectiveAspectJAdvisorFactoryTests" time="0.027"/>
  <testcase name="testAspectMethodThrowsExceptionIllegalOnSignature" classname="org.springframework.aop.aspectj.annotation.ReflectiveAspectJAdvisorFactoryTests" time="0.001"/>
  <testcase name="testMultiplePerTargetAspects" classname="org.springframework.aop.aspectj.annotation.ReflectiveAspectJAdvisorFactoryTests" time="0.033"/>
  <system-out><![CDATA[]]></system-out>
  <system-err><![CDATA[]]></system-err>
</testsuite>
