<?xml version="1.0" encoding="UTF-8"?>
<testsuite name="org.springframework.aop.config.TopLevelAopTagTests" tests="1" skipped="0" failures="0" errors="0" timestamp="2022-03-01T02:29:08" hostname="枪枪的超算" time="0.01">
  <properties/>
  <testcase name="testParse" classname="org.springframework.aop.config.TopLevelAopTagTests" time="0.01"/>
  <system-out><![CDATA[]]></system-out>
  <system-err><![CDATA[]]></system-err>
</testsuite>
