<?xml version="1.0" encoding="UTF-8"?>
<testsuite name="org.springframework.aop.framework.PrototypeTargetTests" tests="2" skipped="0" failures="0" errors="0" timestamp="2022-03-01T02:29:08" hostname="枪枪的超算" time="0.09">
  <properties/>
  <testcase name="testSingletonProxyWithPrototypeTarget" classname="org.springframework.aop.framework.PrototypeTargetTests" time="0.084"/>
  <testcase name="testPrototypeProxyWithPrototypeTarget" classname="org.springframework.aop.framework.PrototypeTargetTests" time="0.006"/>
  <system-out><![CDATA[]]></system-out>
  <system-err><![CDATA[]]></system-err>
</testsuite>
