<?xml version="1.0" encoding="UTF-8"?>
<testsuite name="org.springframework.aop.interceptor.ExposeBeanNameAdvisorsTests" tests="2" skipped="0" failures="0" errors="0" timestamp="2022-03-01T02:29:09" hostname="枪枪的超算" time="0.004">
  <properties/>
  <testcase name="testNoIntroduction" classname="org.springframework.aop.interceptor.ExposeBeanNameAdvisorsTests" time="0.001"/>
  <testcase name="testWithIntroduction" classname="org.springframework.aop.interceptor.ExposeBeanNameAdvisorsTests" time="0.003"/>
  <system-out><![CDATA[]]></system-out>
  <system-err><![CDATA[]]></system-err>
</testsuite>
