<?xml version="1.0" encoding="UTF-8"?>
<testsuite name="org.springframework.aop.scope.DefaultScopedObjectTests" tests="4" skipped="0" failures="0" errors="0" timestamp="2022-03-01T02:29:09" hostname="枪枪的超算" time="0.077">
  <properties/>
  <testcase name="testCtorWithEmptyTargetBeanName" classname="org.springframework.aop.scope.DefaultScopedObjectTests" time="0.077"/>
  <testcase name="testCtorWithNullBeanFactory" classname="org.springframework.aop.scope.DefaultScopedObjectTests" time="0.0"/>
  <testcase name="testCtorWithJustWhitespacedTargetBeanName" classname="org.springframework.aop.scope.DefaultScopedObjectTests" time="0.0"/>
  <testcase name="testCtorWithNullTargetBeanName" classname="org.springframework.aop.scope.DefaultScopedObjectTests" time="0.0"/>
  <system-out><![CDATA[]]></system-out>
  <system-err><![CDATA[]]></system-err>
</testsuite>
