<?xml version="1.0" encoding="UTF-8"?>
<testsuite name="org.springframework.aop.scope.ScopedProxyAutowireTests" tests="2" skipped="0" failures="0" errors="0" timestamp="2022-03-01T02:29:09" hostname="枪枪的超算" time="0.041">
  <properties/>
  <testcase name="testScopedProxyInheritsAutowireCandidateFalse" classname="org.springframework.aop.scope.ScopedProxyAutowireTests" time="0.023"/>
  <testcase name="testScopedProxyReplacesAutowireCandidateTrue" classname="org.springframework.aop.scope.ScopedProxyAutowireTests" time="0.018"/>
  <system-out><![CDATA[]]></system-out>
  <system-err><![CDATA[]]></system-err>
</testsuite>
