<?xml version="1.0" encoding="UTF-8"?>
<testsuite name="org.springframework.aop.aspectj.autoproxy.AspectJPrecedenceComparatorTests" tests="9" skipped="0" failures="0" errors="0" timestamp="2022-03-01T02:29:07" hostname="枪枪的超算" time="0.004">
  <properties/>
  <testcase name="testSameAspectOneOfEach" classname="org.springframework.aop.aspectj.autoproxy.AspectJPrecedenceComparatorTests" time="0.002"/>
  <testcase name="testHigherAdvisorPrecedenceAfterAdvice" classname="org.springframework.aop.aspectj.autoproxy.AspectJPrecedenceComparatorTests" time="0.0"/>
  <testcase name="testLowerAdvisorPrecedenceAfterAdvice" classname="org.springframework.aop.aspectj.autoproxy.AspectJPrecedenceComparatorTests" time="0.0"/>
  <testcase name="testHigherAdvisorPrecedenceNoAfterAdvice" classname="org.springframework.aop.aspectj.autoproxy.AspectJPrecedenceComparatorTests" time="0.001"/>
  <testcase name="testSameAdvisorPrecedenceDifferentAspectNoAfterAdvice" classname="org.springframework.aop.aspectj.autoproxy.AspectJPrecedenceComparatorTests" time="0.0"/>
  <testcase name="testSameAspectAfterAdvice" classname="org.springframework.aop.aspectj.autoproxy.AspectJPrecedenceComparatorTests" time="0.0"/>
  <testcase name="testSameAdvisorPrecedenceDifferentAspectAfterAdvice" classname="org.springframework.aop.aspectj.autoproxy.AspectJPrecedenceComparatorTests" time="0.0"/>
  <testcase name="testLowerAdvisorPrecedenceNoAfterAdvice" classname="org.springframework.aop.aspectj.autoproxy.AspectJPrecedenceComparatorTests" time="0.001"/>
  <testcase name="testSameAspectNoAfterAdvice" classname="org.springframework.aop.aspectj.autoproxy.AspectJPrecedenceComparatorTests" time="0.0"/>
  <system-out><![CDATA[]]></system-out>
  <system-err><![CDATA[]]></system-err>
</testsuite>
