<?xml version="1.0" encoding="UTF-8"?>
<testsuite name="org.springframework.aop.framework.ProxyFactoryTests" tests="14" skipped="1" failures="0" errors="0" timestamp="2022-03-01T02:29:08" hostname="枪枪的超算" time="0.045">
  <properties/>
  <testcase name="testReplaceAdvisor" classname="org.springframework.aop.framework.ProxyFactoryTests" time="0.001"/>
  <testcase name="testProxyTargetClassWithInterfaceAsTarget" classname="org.springframework.aop.framework.ProxyFactoryTests" time="0.002"/>
  <testcase name="testExclusionOfNonPublicInterfaces" classname="org.springframework.aop.framework.ProxyFactoryTests" time="0.0">
    <skipped/>
  </testcase>
  <testcase name="testInterceptorInclusionMethods" classname="org.springframework.aop.framework.ProxyFactoryTests" time="0.0"/>
  <testcase name="testCanAddAndRemoveAspectInterfacesOnSingleton" classname="org.springframework.aop.framework.ProxyFactoryTests" time="0.004"/>
  <testcase name="testRemoveAdvisorByReference" classname="org.springframework.aop.framework.ProxyFactoryTests" time="0.0"/>
  <testcase name="testInterceptorWithoutJoinpoint" classname="org.springframework.aop.framework.ProxyFactoryTests" time="0.001"/>
  <testcase name="testGetsAllInterfaces" classname="org.springframework.aop.framework.ProxyFactoryTests" time="0.004"/>
  <testcase name="testIndexOfMethods" classname="org.springframework.aop.framework.ProxyFactoryTests" time="0.0"/>
  <testcase name="testRemoveAdvisorByIndex" classname="org.springframework.aop.framework.ProxyFactoryTests" time="0.001"/>
  <testcase name="testProxyTargetClassWithConcreteClassAsTarget" classname="org.springframework.aop.framework.ProxyFactoryTests" time="0.022"/>
  <testcase name="testInterfaceProxiesCanBeOrderedThroughAnnotations" classname="org.springframework.aop.framework.ProxyFactoryTests" time="0.002"/>
  <testcase name="testTargetClassProxiesCanBeOrderedThroughAnnotations" classname="org.springframework.aop.framework.ProxyFactoryTests" time="0.005"/>
  <testcase name="testAddRepeatedInterface" classname="org.springframework.aop.framework.ProxyFactoryTests" time="0.002"/>
  <system-out><![CDATA[]]></system-out>
  <system-err><![CDATA[]]></system-err>
</testsuite>
