<?xml version="1.0" encoding="UTF-8"?>
<testsuite name="org.springframework.aop.framework.NullPrimitiveTests" tests="2" skipped="0" failures="0" errors="0" timestamp="2022-03-01T02:29:08" hostname="枪枪的超算" time="0.011">
  <properties/>
  <testcase name="testNullPrimitiveWithCglibProxy" classname="org.springframework.aop.framework.NullPrimitiveTests" time="0.008"/>
  <testcase name="testNullPrimitiveWithJdkProxy" classname="org.springframework.aop.framework.NullPrimitiveTests" time="0.003"/>
  <system-out><![CDATA[]]></system-out>
  <system-err><![CDATA[]]></system-err>
</testsuite>
