<?xml version="1.0" encoding="UTF-8"?>
<testsuite name="org.springframework.aop.framework.IntroductionBenchmarkTests" tests="1" skipped="0" failures="0" errors="0" timestamp="2022-03-01T02:29:08" hostname="枪枪的超算" time="0.066">
  <properties/>
  <testcase name="timeManyInvocations" classname="org.springframework.aop.framework.IntroductionBenchmarkTests" time="0.066"/>
  <system-out><![CDATA[StopWatch '': running time (millis) = 61
-----------------------------------------
ms     %     Task name
-----------------------------------------
00030  049%  100000 invocations on proxy, not hitting introduction
00031  051%  100000 invocations on proxy, hitting introduction
00000  000%  100000 invocations on target

]]></system-out>
  <system-err><![CDATA[]]></system-err>
</testsuite>
